

<!DOCTYPE html>
<html>
<head>
<meta charset="utf-8">
<meta name="viewport" content="width=device-width, initial-scale=1, shrink-to-fit=no">
<title>CloudBerry Automation Report</title>
<link rel="apple-touch-icon" href="https://cdn.jsdelivr.net/gh/extent-framework/extent-github-cdn@b00a2d0486596e73dd7326beacf352c639623a0e/commons/img/logo.png">
<link rel="shortcut icon" href="https://cdn.jsdelivr.net/gh/extent-framework/extent-github-cdn@b00a2d0486596e73dd7326beacf352c639623a0e/commons/img/logo.png">
<link href="https://cdn.jsdelivr.net/gh/extent-framework/extent-github-cdn@ce8b10435bcbae260c334c0d0c6b61d2c19b6168/spark/css/spark-style.css" rel="stylesheet" />
<link href="https://stackpath.bootstrapcdn.com/font-awesome/4.7.0/css/font-awesome.min.css" rel="stylesheet">
<script src="https://cdn.jsdelivr.net/gh/extent-framework/extent-github-cdn@7cc78ce/spark/js/jsontree.js"></script>
<style type="text/css"></style></head><body class="spa bdd-report standard">
  <div class="app">
    <div class="layout">
<div class="header navbar">
<div class="vheader">
<div class="nav-logo">
<a href="#">
<div class="logo" style="background-image: url('https://cdn.jsdelivr.net/gh/extent-framework/extent-github-cdn@b00a2d0486596e73dd7326beacf352c639623a0e/commons/img/logo.png')"></div>
</a>
</div>
<ul class="nav-left">
<li class="search-box">
<a class="search-toggle" href="#">
<i class="search-icon fa fa-search"></i>
<i class="search-icon-close fa fa-close"></i>
</a>
</li>
<li class="search-input"><input id="search-tests" class="form-control" type="text" placeholder="Search..."></li>
</ul>
<ul class="nav-right">
<li class="m-r-10">
<a href="#"><span class="badge badge-primary">BDD Execution - Cucumber + Extent</span></a>
</li>
<li class="m-r-10">
<a href="#"><span class="badge badge-primary">Jan 12, 2026 02:14:46 AM</span></a>
</li>
</ul>
</div>
</div><div class="side-nav">
<div class="side-nav-inner">
<ul class="side-nav-menu">
<li class="nav-item dropdown" onclick="toggleView('test-view')">
<a id="nav-test" class="dropdown-toggle" href="#">
<span class="ico"><i class="fa fa-list"></i></span>
</a>
</li>
<li class="nav-item dropdown" onclick="toggleView('exception-view')">
<a id="nav-exception" class="dropdown-toggle" href="#">
<span class="ico"><i class="fa fa-bug"></i></span>
</a>
</li>
<li class="nav-item dropdown" onclick="toggleView('category-view')">
<a id="nav-category" class="dropdown-toggle" href="#">
<span class="ico"><i class="fa fa-tag"></i></span>
</a>
</li>
<li class="nav-item dropdown" onclick="toggleView('dashboard-view')">
<a id="nav-dashboard" class="dropdown-toggle" href="#">
<span class="ico"><i class="fa fa-bar-chart"></i></span>
</a>
</li>
</ul>
</div>
</div>      <div class="vcontainer">
        <div class="main-content">
<div class="test-wrapper row view test-view">
  <div class="test-list">
    <div class="test-list-tools">
<ul class="tools pull-left">
<li><a href="#"><span class="font-size-14">Tests</span></a></li>
</ul>
<ul class="tools text-right">
<li class="dropdown">
<a href="#" class="dropdown-toggle" data-toggle="dropdown"><i class="fa fa-exclamation-circle"></i></a>
<ul id="status-toggle" class="dropdown-menu dropdown-md p-v-0">
<a class="dropdown-item" status="pass" href="#"><span>Pass</span><span class="status success"></span></a>
<a class="dropdown-item" status="fail" href="#"><span>Fail</span><span class="status danger"></span></a>
<div class="dropdown-divider"></div>
<a status="clear" class="dropdown-item" href="#"><span>Clear</span><span class="pull-right"><i class="fa fa-close"></i></span></a>
</ul>
</li>
<li class="dropdown">
<a href="#" class="dropdown-toggle" data-toggle="dropdown"><i class="fa fa-tag"></i></a>
<ul id="tag-toggle" class="dropdown-menu dropdown-md p-v-0">
<a class="dropdown-item" href="#">@regression</a><a class="dropdown-item" href="#">@sanity</a>
</ul>
</li>
</ul>
</div>    <div class="test-list-wrapper scrollable">
      <ul class="test-list-item">
        <li class="test-item"  status="pass" test-id="3"
          author=""
          tag=""
          device="">
          <div class="test-detail">
            <p class="name">Launch Application</p>
            <p class="text-sm">
              <span>2:14:46 AM</span> / <span>00:00:04:215</span>
              <span class="badge pass-bg log float-right">Pass</span>
            </p>
          </div>
          <div class="test-contents d-none">
<div class="detail-head">
<div class="p-v-10">
<div class="info">
<h5 class="test-status text-pass">Launch Application</h5>
<span class='badge badge-success'>01.12.2026 2:14:46 AM</span>
<span class='badge badge-danger'>01.12.2026 2:14:50 AM</span>
<span class='badge badge-default'>00:00:04:215</span>
&middot; <span class='uri-anchor badge badge-default'>#test-id=3</span>
<span title='Skip to the next failed step' class='badge badge-danger pointer float-right ne ml-1'><i class="fa fa-fast-forward"></i></span>
<span title='Collapse all nodes' class='badge badge-default pointer float-right ct ml-1'><i class="fa fa-compress"></i></span>
<span title='Expand all nodes' class='badge badge-default pointer float-right et'><i class="fa fa-expand"></i></span>
</div>
<div class="m-t-10 m-l-5"></div>
</div>
</div>
<div class="accordion mt-4">
  <div class="card">
    <div class="card-header" role="tab">
      <div class="card-title">
        <div class="node" id="6"><span class="badge log pass-bg mr-2">Pass</span>User launches application successfully</div>
      </div>
    </div>
        <div class="collapse">
          <div class="card-body">
              <div class="step pass-bg" title="stepDefinitions.CommonSteps.user_opens_the_application()">
                <span>Given user opens the application</span>
      <div>
      </div>
              </div>
              <div class="step pass-bg" title="stepDefinitions.CommonSteps.application_home_page_should_be_displayed()">
                <span>Then application home page should be displayed</span>
      <div>
      </div>
              </div>
              <div class="step pass-bg" title="stepDefinitions.CommonSteps.page_title_should_contain(java.lang.String)">
                <span>And page title should contain "Your Store"</span>
      <div>
      </div>
              </div>
          </div>
        </div>
  </div>
</div>
          </div>
        </li>
        <li class="test-item"  status="pass" test-id="2"
          author=""
          tag=""
          device="">
          <div class="test-detail">
            <p class="name">Launch Application</p>
            <p class="text-sm">
              <span>2:14:46 AM</span> / <span>00:00:03:760</span>
              <span class="badge pass-bg log float-right">Pass</span>
            </p>
          </div>
          <div class="test-contents d-none">
<div class="detail-head">
<div class="p-v-10">
<div class="info">
<h5 class="test-status text-pass">Launch Application</h5>
<span class='badge badge-success'>01.12.2026 2:14:46 AM</span>
<span class='badge badge-danger'>01.12.2026 2:14:50 AM</span>
<span class='badge badge-default'>00:00:03:760</span>
&middot; <span class='uri-anchor badge badge-default'>#test-id=2</span>
<span title='Skip to the next failed step' class='badge badge-danger pointer float-right ne ml-1'><i class="fa fa-fast-forward"></i></span>
<span title='Collapse all nodes' class='badge badge-default pointer float-right ct ml-1'><i class="fa fa-compress"></i></span>
<span title='Expand all nodes' class='badge badge-default pointer float-right et'><i class="fa fa-expand"></i></span>
</div>
<div class="m-t-10 m-l-5"></div>
</div>
</div>
<div class="accordion mt-4">
  <div class="card">
    <div class="card-header" role="tab">
      <div class="card-title">
        <div class="node" id="4"><span class="badge log pass-bg mr-2">Pass</span>User launches application successfully</div>
      </div>
    </div>
        <div class="collapse">
          <div class="card-body">
              <div class="step pass-bg" title="stepDefinitions.CommonSteps.user_opens_the_application()">
                <span>Given user opens the application</span>
      <div>
      </div>
              </div>
              <div class="step pass-bg" title="stepDefinitions.CommonSteps.application_home_page_should_be_displayed()">
                <span>Then application home page should be displayed</span>
      <div>
      </div>
              </div>
              <div class="step pass-bg" title="stepDefinitions.CommonSteps.page_title_should_contain(java.lang.String)">
                <span>And page title should contain "Your Store"</span>
      <div>
      </div>
              </div>
          </div>
        </div>
  </div>
</div>
          </div>
        </li>
        <li class="test-item"  status="pass" test-id="1"
          author=""
          tag=""
          device="">
          <div class="test-detail">
            <p class="name">Launch Application</p>
            <p class="text-sm">
              <span>2:14:46 AM</span> / <span>00:00:10:562</span>
              <span class="badge pass-bg log float-right">Pass</span>
            </p>
          </div>
          <div class="test-contents d-none">
<div class="detail-head">
<div class="p-v-10">
<div class="info">
<h5 class="test-status text-pass">Launch Application</h5>
<span class='badge badge-success'>01.12.2026 2:14:46 AM</span>
<span class='badge badge-danger'>01.12.2026 2:14:57 AM</span>
<span class='badge badge-default'>00:00:10:562</span>
&middot; <span class='uri-anchor badge badge-default'>#test-id=1</span>
<span title='Skip to the next failed step' class='badge badge-danger pointer float-right ne ml-1'><i class="fa fa-fast-forward"></i></span>
<span title='Collapse all nodes' class='badge badge-default pointer float-right ct ml-1'><i class="fa fa-compress"></i></span>
<span title='Expand all nodes' class='badge badge-default pointer float-right et'><i class="fa fa-expand"></i></span>
</div>
<div class="m-t-10 m-l-5"></div>
</div>
</div>
<div class="accordion mt-4">
  <div class="card">
    <div class="card-header" role="tab">
      <div class="card-title">
        <div class="node" id="5"><span class="badge log pass-bg mr-2">Pass</span>User launches application successfully</div>
      </div>
    </div>
        <div class="collapse">
          <div class="card-body">
              <div class="step pass-bg" title="stepDefinitions.CommonSteps.user_opens_the_application()">
                <span>Given user opens the application</span>
      <div>
      </div>
              </div>
              <div class="step pass-bg" title="stepDefinitions.CommonSteps.application_home_page_should_be_displayed()">
                <span>Then application home page should be displayed</span>
      <div>
      </div>
              </div>
              <div class="step pass-bg" title="stepDefinitions.CommonSteps.page_title_should_contain(java.lang.String)">
                <span>And page title should contain "Your Store"</span>
      <div>
      </div>
              </div>
          </div>
        </div>
  </div>
</div>
          </div>
        </li>
        <li class="test-item"  status="pass" test-id="15"
          author=""
          tag=""
          device="">
          <div class="test-detail">
            <p class="name">Login</p>
            <p class="text-sm">
              <span>2:14:50 AM</span> / <span>00:00:05:105</span>
              <span class="badge pass-bg log float-right">Pass</span>
            </p>
          </div>
          <div class="test-contents d-none">
<div class="detail-head">
<div class="p-v-10">
<div class="info">
<h5 class="test-status text-pass">Login</h5>
<span class='badge badge-success'>01.12.2026 2:14:50 AM</span>
<span class='badge badge-danger'>01.12.2026 2:14:55 AM</span>
<span class='badge badge-default'>00:00:05:105</span>
&middot; <span class='uri-anchor badge badge-default'>#test-id=15</span>
<span title='Skip to the next failed step' class='badge badge-danger pointer float-right ne ml-1'><i class="fa fa-fast-forward"></i></span>
<span title='Collapse all nodes' class='badge badge-default pointer float-right ct ml-1'><i class="fa fa-compress"></i></span>
<span title='Expand all nodes' class='badge badge-default pointer float-right et'><i class="fa fa-expand"></i></span>
</div>
<div class="m-t-10 m-l-5"></div>
</div>
</div>
<div class="accordion mt-4">
  <div class="card">
    <div class="card-header" role="tab">
      <div class="card-title">
        <div class="node" id="16"><span class="badge log pass-bg mr-2">Pass</span>Login with valid credentials</div>
      </div>
    </div>
        <div class="collapse">
          <div class="card-body">
              <div class="step pass-bg" title="stepDefinitions.CommonSteps.user_opens_the_application()">
                <span>Given user opens the application</span>
      <div>
      </div>
              </div>
              <div class="step pass-bg" title="stepDefinitions.LoginSteps.user_navigates_to_login_page()">
                <span>When user navigates to login page</span>
      <div>
      </div>
              </div>
              <div class="step pass-bg" title="stepDefinitions.LoginSteps.user_enters_valid_email_and_password()">
                <span>And user enters valid email and password</span>
      <div>
      </div>
              </div>
              <div class="step pass-bg" title="stepDefinitions.LoginSteps.user_clicks_login_button()">
                <span>And user clicks login button</span>
      <div>
      </div>
              </div>
              <div class="step pass-bg" title="stepDefinitions.LoginSteps.user_should_be_logged_in_successfully()">
                <span>Then user should be logged in successfully</span>
      <div>
      </div>
              </div>
          </div>
        </div>
  </div>
</div>
          </div>
        </li>
        <li class="test-item"  status="pass" test-id="21"
          author=""
          tag=""
          device="">
          <div class="test-detail">
            <p class="name">Login</p>
            <p class="text-sm">
              <span>2:14:50 AM</span> / <span>00:00:04:992</span>
              <span class="badge pass-bg log float-right">Pass</span>
            </p>
          </div>
          <div class="test-contents d-none">
<div class="detail-head">
<div class="p-v-10">
<div class="info">
<h5 class="test-status text-pass">Login</h5>
<span class='badge badge-success'>01.12.2026 2:14:50 AM</span>
<span class='badge badge-danger'>01.12.2026 2:14:55 AM</span>
<span class='badge badge-default'>00:00:04:992</span>
&middot; <span class='uri-anchor badge badge-default'>#test-id=21</span>
<span title='Skip to the next failed step' class='badge badge-danger pointer float-right ne ml-1'><i class="fa fa-fast-forward"></i></span>
<span title='Collapse all nodes' class='badge badge-default pointer float-right ct ml-1'><i class="fa fa-compress"></i></span>
<span title='Expand all nodes' class='badge badge-default pointer float-right et'><i class="fa fa-expand"></i></span>
</div>
<div class="m-t-10 m-l-5"></div>
</div>
</div>
<div class="accordion mt-4">
  <div class="card">
    <div class="card-header" role="tab">
      <div class="card-title">
        <div class="node" id="22"><span class="badge log pass-bg mr-2">Pass</span>Login with valid credentials</div>
      </div>
    </div>
        <div class="collapse">
          <div class="card-body">
              <div class="step pass-bg" title="stepDefinitions.CommonSteps.user_opens_the_application()">
                <span>Given user opens the application</span>
      <div>
      </div>
              </div>
              <div class="step pass-bg" title="stepDefinitions.LoginSteps.user_navigates_to_login_page()">
                <span>When user navigates to login page</span>
      <div>
      </div>
              </div>
              <div class="step pass-bg" title="stepDefinitions.LoginSteps.user_enters_valid_email_and_password()">
                <span>And user enters valid email and password</span>
      <div>
      </div>
              </div>
              <div class="step pass-bg" title="stepDefinitions.LoginSteps.user_clicks_login_button()">
                <span>And user clicks login button</span>
      <div>
      </div>
              </div>
              <div class="step pass-bg" title="stepDefinitions.LoginSteps.user_should_be_logged_in_successfully()">
                <span>Then user should be logged in successfully</span>
      <div>
      </div>
              </div>
          </div>
        </div>
  </div>
</div>
          </div>
        </li>
        <li class="test-item"  status="pass" test-id="39"
          author=""
          tag=""
          device="">
          <div class="test-detail">
            <p class="name">Add Product to Cart</p>
            <p class="text-sm">
              <span>2:14:55 AM</span> / <span>00:00:11:594</span>
              <span class="badge pass-bg log float-right">Pass</span>
            </p>
          </div>
          <div class="test-contents d-none">
<div class="detail-head">
<div class="p-v-10">
<div class="info">
<h5 class="test-status text-pass">Add Product to Cart</h5>
<span class='badge badge-success'>01.12.2026 2:14:55 AM</span>
<span class='badge badge-danger'>01.12.2026 2:15:07 AM</span>
<span class='badge badge-default'>00:00:11:594</span>
&middot; <span class='uri-anchor badge badge-default'>#test-id=39</span>
<span title='Skip to the next failed step' class='badge badge-danger pointer float-right ne ml-1'><i class="fa fa-fast-forward"></i></span>
<span title='Collapse all nodes' class='badge badge-default pointer float-right ct ml-1'><i class="fa fa-compress"></i></span>
<span title='Expand all nodes' class='badge badge-default pointer float-right et'><i class="fa fa-expand"></i></span>
</div>
<div class="m-t-10 m-l-5"></div>
</div>
</div>
<div class="accordion mt-4">
  <div class="card">
    <div class="card-header" role="tab">
      <div class="card-title">
        <div class="node" id="40"><span class="badge log pass-bg mr-2">Pass</span>Add a product to shopping cart</div>
      </div>
    </div>
        <div class="collapse">
          <div class="card-body">
              <div class="step pass-bg" title="stepDefinitions.CommonSteps.user_opens_the_application()">
                <span>Given user opens the application</span>
      <div>
      </div>
              </div>
              <div class="step pass-bg" title="stepDefinitions.LoginSteps.user_logs_in()">
                <span>When user logs in</span>
      <div>
      </div>
              </div>
              <div class="step pass-bg" title="stepDefinitions.ShoppingSteps.user_navigates_to_a_product_category()">
                <span>When user navigates to a product category</span>
      <div>
      </div>
              </div>
              <div class="step pass-bg" title="stepDefinitions.ShoppingSteps.user_selects_a_product()">
                <span>And user selects a product</span>
      <div>
      </div>
              </div>
              <div class="step pass-bg" title="stepDefinitions.ShoppingSteps.user_adds_the_product_to_cart()">
                <span>And user adds the product to cart</span>
      <div>
      </div>
              </div>
              <div class="step pass-bg" title="stepDefinitions.ShoppingSteps.success_message_should_be_displayed_for_add_to_cart()">
                <span>Then success message should be displayed for add to cart</span>
      <div>
      </div>
              </div>
              <div class="step pass-bg" title="stepDefinitions.ShoppingSteps.cart_should_show_the_added_product()">
                <span>And cart should show the added product</span>
      <div>
      </div>
              </div>
          </div>
        </div>
  </div>
</div>
          </div>
        </li>
        <li class="test-item"  status="pass" test-id="43"
          author=""
          tag=""
          device="">
          <div class="test-detail">
            <p class="name">Add Product to Cart</p>
            <p class="text-sm">
              <span>2:14:55 AM</span> / <span>00:00:11:587</span>
              <span class="badge pass-bg log float-right">Pass</span>
            </p>
          </div>
          <div class="test-contents d-none">
<div class="detail-head">
<div class="p-v-10">
<div class="info">
<h5 class="test-status text-pass">Add Product to Cart</h5>
<span class='badge badge-success'>01.12.2026 2:14:55 AM</span>
<span class='badge badge-danger'>01.12.2026 2:15:07 AM</span>
<span class='badge badge-default'>00:00:11:587</span>
&middot; <span class='uri-anchor badge badge-default'>#test-id=43</span>
<span title='Skip to the next failed step' class='badge badge-danger pointer float-right ne ml-1'><i class="fa fa-fast-forward"></i></span>
<span title='Collapse all nodes' class='badge badge-default pointer float-right ct ml-1'><i class="fa fa-compress"></i></span>
<span title='Expand all nodes' class='badge badge-default pointer float-right et'><i class="fa fa-expand"></i></span>
</div>
<div class="m-t-10 m-l-5"></div>
</div>
</div>
<div class="accordion mt-4">
  <div class="card">
    <div class="card-header" role="tab">
      <div class="card-title">
        <div class="node" id="44"><span class="badge log pass-bg mr-2">Pass</span>Add a product to shopping cart</div>
      </div>
    </div>
        <div class="collapse">
          <div class="card-body">
              <div class="step pass-bg" title="stepDefinitions.CommonSteps.user_opens_the_application()">
                <span>Given user opens the application</span>
      <div>
      </div>
              </div>
              <div class="step pass-bg" title="stepDefinitions.LoginSteps.user_logs_in()">
                <span>When user logs in</span>
      <div>
      </div>
              </div>
              <div class="step pass-bg" title="stepDefinitions.ShoppingSteps.user_navigates_to_a_product_category()">
                <span>When user navigates to a product category</span>
      <div>
      </div>
              </div>
              <div class="step pass-bg" title="stepDefinitions.ShoppingSteps.user_selects_a_product()">
                <span>And user selects a product</span>
      <div>
      </div>
              </div>
              <div class="step pass-bg" title="stepDefinitions.ShoppingSteps.user_adds_the_product_to_cart()">
                <span>And user adds the product to cart</span>
      <div>
      </div>
              </div>
              <div class="step pass-bg" title="stepDefinitions.ShoppingSteps.success_message_should_be_displayed_for_add_to_cart()">
                <span>Then success message should be displayed for add to cart</span>
      <div>
      </div>
              </div>
              <div class="step pass-bg" title="stepDefinitions.ShoppingSteps.cart_should_show_the_added_product()">
                <span>And cart should show the added product</span>
      <div>
      </div>
              </div>
          </div>
        </div>
  </div>
</div>
          </div>
        </li>
        <li class="test-item"  status="pass" test-id="46"
          author=""
          tag=""
          device="">
          <div class="test-detail">
            <p class="name">Login</p>
            <p class="text-sm">
              <span>2:14:57 AM</span> / <span>00:00:09:300</span>
              <span class="badge pass-bg log float-right">Pass</span>
            </p>
          </div>
          <div class="test-contents d-none">
<div class="detail-head">
<div class="p-v-10">
<div class="info">
<h5 class="test-status text-pass">Login</h5>
<span class='badge badge-success'>01.12.2026 2:14:57 AM</span>
<span class='badge badge-danger'>01.12.2026 2:15:06 AM</span>
<span class='badge badge-default'>00:00:09:300</span>
&middot; <span class='uri-anchor badge badge-default'>#test-id=46</span>
<span title='Skip to the next failed step' class='badge badge-danger pointer float-right ne ml-1'><i class="fa fa-fast-forward"></i></span>
<span title='Collapse all nodes' class='badge badge-default pointer float-right ct ml-1'><i class="fa fa-compress"></i></span>
<span title='Expand all nodes' class='badge badge-default pointer float-right et'><i class="fa fa-expand"></i></span>
</div>
<div class="m-t-10 m-l-5"></div>
</div>
</div>
<div class="accordion mt-4">
  <div class="card">
    <div class="card-header" role="tab">
      <div class="card-title">
        <div class="node" id="47"><span class="badge log pass-bg mr-2">Pass</span>Login with valid credentials</div>
      </div>
    </div>
        <div class="collapse">
          <div class="card-body">
              <div class="step pass-bg" title="stepDefinitions.CommonSteps.user_opens_the_application()">
                <span>Given user opens the application</span>
      <div>
      </div>
              </div>
              <div class="step pass-bg" title="stepDefinitions.LoginSteps.user_navigates_to_login_page()">
                <span>When user navigates to login page</span>
      <div>
      </div>
              </div>
              <div class="step pass-bg" title="stepDefinitions.LoginSteps.user_enters_valid_email_and_password()">
                <span>And user enters valid email and password</span>
      <div>
      </div>
              </div>
              <div class="step pass-bg" title="stepDefinitions.LoginSteps.user_clicks_login_button()">
                <span>And user clicks login button</span>
      <div>
      </div>
              </div>
              <div class="step pass-bg" title="stepDefinitions.LoginSteps.user_should_be_logged_in_successfully()">
                <span>Then user should be logged in successfully</span>
      <div>
      </div>
              </div>
          </div>
        </div>
  </div>
</div>
          </div>
        </li>
        <li class="test-item"  status="pass" test-id="69"
          author=""
          tag=""
          device="">
          <div class="test-detail">
            <p class="name">Add Product to Cart</p>
            <p class="text-sm">
              <span>2:15:06 AM</span> / <span>00:00:34:195</span>
              <span class="badge pass-bg log float-right">Pass</span>
            </p>
          </div>
          <div class="test-contents d-none">
<div class="detail-head">
<div class="p-v-10">
<div class="info">
<h5 class="test-status text-pass">Add Product to Cart</h5>
<span class='badge badge-success'>01.12.2026 2:15:06 AM</span>
<span class='badge badge-danger'>01.12.2026 2:15:40 AM</span>
<span class='badge badge-default'>00:00:34:195</span>
&middot; <span class='uri-anchor badge badge-default'>#test-id=69</span>
<span title='Skip to the next failed step' class='badge badge-danger pointer float-right ne ml-1'><i class="fa fa-fast-forward"></i></span>
<span title='Collapse all nodes' class='badge badge-default pointer float-right ct ml-1'><i class="fa fa-compress"></i></span>
<span title='Expand all nodes' class='badge badge-default pointer float-right et'><i class="fa fa-expand"></i></span>
</div>
<div class="m-t-10 m-l-5"></div>
</div>
</div>
<div class="accordion mt-4">
  <div class="card">
    <div class="card-header" role="tab">
      <div class="card-title">
        <div class="node" id="70"><span class="badge log pass-bg mr-2">Pass</span>Add a product to shopping cart</div>
      </div>
    </div>
        <div class="collapse">
          <div class="card-body">
              <div class="step pass-bg" title="stepDefinitions.CommonSteps.user_opens_the_application()">
                <span>Given user opens the application</span>
      <div>
      </div>
              </div>
              <div class="step pass-bg" title="stepDefinitions.LoginSteps.user_logs_in()">
                <span>When user logs in</span>
      <div>
      </div>
              </div>
              <div class="step pass-bg" title="stepDefinitions.ShoppingSteps.user_navigates_to_a_product_category()">
                <span>When user navigates to a product category</span>
      <div>
      </div>
              </div>
              <div class="step pass-bg" title="stepDefinitions.ShoppingSteps.user_selects_a_product()">
                <span>And user selects a product</span>
      <div>
      </div>
              </div>
              <div class="step pass-bg" title="stepDefinitions.ShoppingSteps.user_adds_the_product_to_cart()">
                <span>And user adds the product to cart</span>
      <div>
      </div>
              </div>
              <div class="step pass-bg" title="stepDefinitions.ShoppingSteps.success_message_should_be_displayed_for_add_to_cart()">
                <span>Then success message should be displayed for add to cart</span>
      <div>
      </div>
              </div>
              <div class="step pass-bg" title="stepDefinitions.ShoppingSteps.cart_should_show_the_added_product()">
                <span>And cart should show the added product</span>
      <div>
      </div>
              </div>
          </div>
        </div>
  </div>
</div>
          </div>
        </li>
        <li class="test-item"  status="pass" test-id="74"
          author=""
          tag=""
          device="">
          <div class="test-detail">
            <p class="name">Complete Purchase</p>
            <p class="text-sm">
              <span>2:15:07 AM</span> / <span>00:00:32:326</span>
              <span class="badge pass-bg log float-right">Pass</span>
            </p>
          </div>
          <div class="test-contents d-none">
<div class="detail-head">
<div class="p-v-10">
<div class="info">
<h5 class="test-status text-pass">Complete Purchase</h5>
<span class='badge badge-success'>01.12.2026 2:15:07 AM</span>
<span class='badge badge-danger'>01.12.2026 2:15:39 AM</span>
<span class='badge badge-default'>00:00:32:326</span>
&middot; <span class='uri-anchor badge badge-default'>#test-id=74</span>
<span title='Skip to the next failed step' class='badge badge-danger pointer float-right ne ml-1'><i class="fa fa-fast-forward"></i></span>
<span title='Collapse all nodes' class='badge badge-default pointer float-right ct ml-1'><i class="fa fa-compress"></i></span>
<span title='Expand all nodes' class='badge badge-default pointer float-right et'><i class="fa fa-expand"></i></span>
</div>
<div class="m-t-10 m-l-5"></div>
</div>
</div>
<div class="accordion mt-4">
  <div class="card">
    <div class="card-header" role="tab">
      <div class="card-title">
        <div class="node" id="75"><span class="badge log pass-bg mr-2">Pass</span>Complete purchase successfully</div>
      </div>
    </div>
        <div class="collapse">
          <div class="card-body">
              <div class="step pass-bg" title="stepDefinitions.CommonSteps.user_opens_the_application()">
                <span>Given user opens the application</span>
      <div>
      </div>
              </div>
              <div class="step pass-bg" title="stepDefinitions.LoginSteps.user_logs_in()">
                <span>When user logs in</span>
      <div>
      </div>
              </div>
              <div class="step pass-bg" title="stepDefinitions.ShoppingSteps.user_navigates_to_a_product_category()">
                <span>When user navigates to a product category</span>
      <div>
      </div>
              </div>
              <div class="step pass-bg" title="stepDefinitions.ShoppingSteps.user_selects_a_product()">
                <span>And user selects a product</span>
      <div>
      </div>
              </div>
              <div class="step pass-bg" title="stepDefinitions.ShoppingSteps.user_adds_the_product_to_cart()">
                <span>And user adds the product to cart</span>
      <div>
      </div>
              </div>
              <div class="step pass-bg" title="stepDefinitions.ShoppingSteps.user_opens_shopping_cart()">
                <span>And user opens shopping cart</span>
      <div>
      </div>
              </div>
              <div class="step pass-bg" title="stepDefinitions.ShoppingSteps.user_proceeds_to_checkout()">
                <span>And user proceeds to checkout</span>
      <div>
      </div>
              </div>
              <div class="step pass-bg" title="stepDefinitions.ShoppingSteps.user_enters_billing_and_shipping_details()">
                <span>And user enters billing and shipping details</span>
      <div>
      </div>
              </div>
              <div class="step pass-bg" title="stepDefinitions.ShoppingSteps.user_confirms_the_order()">
                <span>And user confirms the order</span>
      <div>
      </div>
              </div>
              <div class="step pass-bg" title="stepDefinitions.ShoppingSteps.order_should_be_placed_successfully()">
                <span>Then order should be placed successfully</span>
      <div>
      </div>
              </div>
              <div class="step pass-bg" title="stepDefinitions.ShoppingSteps.order_confirmation_message_should_be_displayed()">
                <span>And order confirmation message should be displayed</span>
      <div>
      </div>
              </div>
          </div>
        </div>
  </div>
</div>
          </div>
        </li>
        <li class="test-item"  status="fail" test-id="77"
          author=""
          tag=""
          device="">
          <div class="test-detail">
            <p class="name">Complete Purchase</p>
            <p class="text-sm">
              <span>2:15:07 AM</span> / <span>00:00:43:088</span>
              <span class="badge fail-bg log float-right">Fail</span>
            </p>
          </div>
          <div class="test-contents d-none">
<div class="detail-head">
<div class="p-v-10">
<div class="info">
<h5 class="test-status text-fail">Complete Purchase</h5>
<span class='badge badge-success'>01.12.2026 2:15:07 AM</span>
<span class='badge badge-danger'>01.12.2026 2:15:50 AM</span>
<span class='badge badge-default'>00:00:43:088</span>
&middot; <span class='uri-anchor badge badge-default'>#test-id=77</span>
<span title='Skip to the next failed step' class='badge badge-danger pointer float-right ne ml-1'><i class="fa fa-fast-forward"></i></span>
<span title='Collapse all nodes' class='badge badge-default pointer float-right ct ml-1'><i class="fa fa-compress"></i></span>
<span title='Expand all nodes' class='badge badge-default pointer float-right et'><i class="fa fa-expand"></i></span>
</div>
<div class="m-t-10 m-l-5"></div>
</div>
</div>
<div class="accordion mt-4">
  <div class="card">
    <div class="card-header" role="tab">
      <div class="card-title">
        <div class="node" id="78"><span class="badge log fail-bg mr-2">Fail</span>Complete purchase successfully</div>
          <div class="status-avatar float-right mr-4">
            <i class="fa fa-paperclip"></i>
          </div>
      </div>
    </div>
        <div class="">
          <div class="card-body">
              <div class="step pass-bg" title="stepDefinitions.CommonSteps.user_opens_the_application()">
                <span>Given user opens the application</span>
      <div>
      </div>
              </div>
              <div class="step pass-bg" title="stepDefinitions.LoginSteps.user_logs_in()">
                <span>When user logs in</span>
      <div>
      </div>
              </div>
              <div class="step pass-bg" title="stepDefinitions.ShoppingSteps.user_navigates_to_a_product_category()">
                <span>When user navigates to a product category</span>
      <div>
      </div>
              </div>
              <div class="step pass-bg" title="stepDefinitions.ShoppingSteps.user_selects_a_product()">
                <span>And user selects a product</span>
      <div>
      </div>
              </div>
              <div class="step pass-bg" title="stepDefinitions.ShoppingSteps.user_adds_the_product_to_cart()">
                <span>And user adds the product to cart</span>
      <div>
      </div>
              </div>
              <div class="step pass-bg" title="stepDefinitions.ShoppingSteps.user_opens_shopping_cart()">
                <span>And user opens shopping cart</span>
      <div>
      </div>
              </div>
              <div class="step pass-bg" title="stepDefinitions.ShoppingSteps.user_proceeds_to_checkout()">
                <span>And user proceeds to checkout</span>
      <div>
      </div>
              </div>
              <div class="step fail-bg" title="stepDefinitions.ShoppingSteps.user_enters_billing_and_shipping_details()">
                <span>And user enters billing and shipping details</span>
      <div>
        <textarea disabled class="code-block">org.openqa.selenium.NoSuchElementException: no such element: Unable to locate element: {"method":"xpath","selector":"//div[@class='text-end']//button[contains(text(),'Confirm')]"}
  (Session info: MicrosoftEdge=143.0.3650.139)
For documentation on this error, please visit: https://www.selenium.dev/documentation/webdriver/troubleshooting/errors#no-such-element-exception
Build info: version: '4.23.1', revision: '656257d8e9'
System info: os.name: 'Windows 11', os.arch: 'amd64', os.version: '10.0', java.version: '21.0.6'
Driver info: org.openqa.selenium.edge.EdgeDriver
Command: [319858397c2d5590886e546753f0666d, findElement {value=//div[@class='text-end']//button[contains(text(),'Confirm')], using=xpath}]
Capabilities {acceptInsecureCerts: false, browserName: MicrosoftEdge, browserVersion: 143.0.3650.139, fedcm:accounts: true, goog:processID: 32268, ms:edgeOptions: {debuggerAddress: localhost:57053}, msedge: {msedgedriverVersion: 143.0.3650.96 (d55fe85d0141..., userDataDir: C:\Users\shada\AppData\Loca...}, networkConnectionEnabled: false, pageLoadStrategy: normal, platformName: windows, proxy: Proxy(), se:cdp: ws://localhost:57053/devtoo..., se:cdpVersion: 143.0.3650.139, setWindowRect: true, strictFileInteractability: false, timeouts: {implicit: 0, pageLoad: 300000, script: 30000}, unhandledPromptBehavior: dismiss and notify, webauthn:extension:credBlob: true, webauthn:extension:largeBlob: true, webauthn:extension:minPinLength: true, webauthn:extension:prf: true, webauthn:virtualAuthenticators: true}
Session ID: 319858397c2d5590886e546753f0666d
	at java.base/jdk.internal.reflect.DirectConstructorHandleAccessor.newInstance(DirectConstructorHandleAccessor.java:62)
	at java.base/java.lang.reflect.Constructor.newInstanceWithCaller(Constructor.java:502)
	at java.base/java.lang.reflect.Constructor.newInstance(Constructor.java:486)
	at org.openqa.selenium.remote.ErrorCodec.decode(ErrorCodec.java:167)
	at org.openqa.selenium.remote.codec.w3c.W3CHttpResponseCodec.decode(W3CHttpResponseCodec.java:138)
	at org.openqa.selenium.remote.codec.w3c.W3CHttpResponseCodec.decode(W3CHttpResponseCodec.java:50)
	at org.openqa.selenium.remote.HttpCommandExecutor.execute(HttpCommandExecutor.java:190)
	at org.openqa.selenium.remote.service.DriverCommandExecutor.invokeExecute(DriverCommandExecutor.java:216)
	at org.openqa.selenium.remote.service.DriverCommandExecutor.execute(DriverCommandExecutor.java:174)
	at org.openqa.selenium.remote.RemoteWebDriver.execute(RemoteWebDriver.java:545)
	at org.openqa.selenium.remote.ElementLocation$ElementFinder$2.findElement(ElementLocation.java:165)
	at org.openqa.selenium.remote.ElementLocation.findElement(ElementLocation.java:59)
	at org.openqa.selenium.remote.RemoteWebDriver.findElement(RemoteWebDriver.java:368)
	at org.openqa.selenium.remote.RemoteWebDriver.findElement(RemoteWebDriver.java:362)
	at org.openqa.selenium.support.pagefactory.DefaultElementLocator.findElement(DefaultElementLocator.java:68)
	at org.openqa.selenium.support.pagefactory.internal.LocatingElementHandler.invoke(LocatingElementHandler.java:38)
	at jdk.proxy2/jdk.proxy2.$Proxy42.getWrappedElement(Unknown Source)
	at org.openqa.selenium.remote.WebElementToJsonConverter.apply(WebElementToJsonConverter.java:48)
	at java.base/java.util.stream.ReferencePipeline$3$1.accept(ReferencePipeline.java:197)
	at java.base/java.util.Spliterators$ArraySpliterator.forEachRemaining(Spliterators.java:1024)
	at java.base/java.util.stream.AbstractPipeline.copyInto(AbstractPipeline.java:509)
	at java.base/java.util.stream.AbstractPipeline.wrapAndCopyInto(AbstractPipeline.java:499)
	at java.base/java.util.stream.ReduceOps$ReduceOp.evaluateSequential(ReduceOps.java:921)
	at java.base/java.util.stream.AbstractPipeline.evaluate(AbstractPipeline.java:234)
	at java.base/java.util.stream.ReferencePipeline.collect(ReferencePipeline.java:682)
	at org.openqa.selenium.remote.RemoteWebDriver.executeScript(RemoteWebDriver.java:474)
	at pageObjects.CheckoutPage.completeCheckout(CheckoutPage.java:51)
	at stepDefinitions.ShoppingSteps.user_enters_billing_and_shipping_details(ShoppingSteps.java:76)
	at ✽.user enters billing and shipping details(file:///C:/Workspaces/Dec2025BatchTest/CloudBerry_BDD_Framework/CloudBerry_BDD_Framework/src/test/resources/features/TC04_CompletePurchase.feature:14)
</textarea>
      
      </div>
              </div>
              <div class="step skip-bg" title="stepDefinitions.ShoppingSteps.user_confirms_the_order()">
                <span>And user confirms the order</span>
      <div>Step skipped
      </div>
              </div>
              <div class="step skip-bg" title="stepDefinitions.ShoppingSteps.order_should_be_placed_successfully()">
                <span>Then order should be placed successfully</span>
      <div>Step skipped
      </div>
              </div>
              <div class="step skip-bg" title="stepDefinitions.ShoppingSteps.order_confirmation_message_should_be_displayed()">
                <span>And order confirmation message should be displayed</span>
      <div>Step skipped
      </div>
              </div>
              <div class="step pass-bg" title="AFTER">
                <span>hooks.Hooks.afterScenario(io.cucumber.java.Scenario)</span>
      <div>Failure Screenshot
          <div class="row mb-3"><div class="col-md-3">
<img data-featherlight='../screenshots/embedded2.png' src="../screenshots/embedded2.png">
    
    </div></div>
</div>
      <div>
      </div>
              </div>
          </div>
        </div>
  </div>
</div>
          </div>
        </li>
        <li class="test-item"  status="pass" test-id="108"
          author=""
          tag=""
          device="">
          <div class="test-detail">
            <p class="name">Add Product to Wish List</p>
            <p class="text-sm">
              <span>2:15:39 AM</span> / <span>00:00:07:405</span>
              <span class="badge pass-bg log float-right">Pass</span>
            </p>
          </div>
          <div class="test-contents d-none">
<div class="detail-head">
<div class="p-v-10">
<div class="info">
<h5 class="test-status text-pass">Add Product to Wish List</h5>
<span class='badge badge-success'>01.12.2026 2:15:39 AM</span>
<span class='badge badge-danger'>01.12.2026 2:15:46 AM</span>
<span class='badge badge-default'>00:00:07:405</span>
&middot; <span class='uri-anchor badge badge-default'>#test-id=108</span>
<span title='Skip to the next failed step' class='badge badge-danger pointer float-right ne ml-1'><i class="fa fa-fast-forward"></i></span>
<span title='Collapse all nodes' class='badge badge-default pointer float-right ct ml-1'><i class="fa fa-compress"></i></span>
<span title='Expand all nodes' class='badge badge-default pointer float-right et'><i class="fa fa-expand"></i></span>
</div>
<div class="m-t-10 m-l-5"></div>
</div>
</div>
<div class="accordion mt-4">
  <div class="card">
    <div class="card-header" role="tab">
      <div class="card-title">
        <div class="node" id="109"><span class="badge log pass-bg mr-2">Pass</span>Add a product to wishlist</div>
      </div>
    </div>
        <div class="collapse">
          <div class="card-body">
              <div class="step pass-bg" title="stepDefinitions.CommonSteps.user_opens_the_application()">
                <span>Given user opens the application</span>
      <div>
      </div>
              </div>
              <div class="step pass-bg" title="stepDefinitions.LoginSteps.user_logs_in()">
                <span>When user logs in</span>
      <div>
      </div>
              </div>
              <div class="step pass-bg" title="stepDefinitions.ShoppingSteps.user_navigates_to_a_product_category()">
                <span>When user navigates to a product category</span>
      <div>
      </div>
              </div>
              <div class="step pass-bg" title="stepDefinitions.ShoppingSteps.user_selects_a_product()">
                <span>And user selects a product</span>
      <div>
      </div>
              </div>
              <div class="step pass-bg" title="stepDefinitions.ShoppingSteps.user_adds_the_product_to_wishlist()">
                <span>And user adds the product to wishlist</span>
      <div>
      </div>
              </div>
              <div class="step pass-bg" title="stepDefinitions.ShoppingSteps.success_message_should_be_displayed_for_wishlist()">
                <span>Then success message should be displayed for wishlist</span>
      <div>
      </div>
              </div>
              <div class="step pass-bg" title="stepDefinitions.ShoppingSteps.wishlist_should_contain_the_added_product()">
                <span>And wishlist should contain the added product</span>
      <div>
      </div>
              </div>
          </div>
        </div>
  </div>
</div>
          </div>
        </li>
        <li class="test-item"  status="fail" test-id="111"
          author=""
          tag=""
          device="">
          <div class="test-detail">
            <p class="name">Complete Purchase</p>
            <p class="text-sm">
              <span>2:15:40 AM</span> / <span>00:00:11:221</span>
              <span class="badge fail-bg log float-right">Fail</span>
            </p>
          </div>
          <div class="test-contents d-none">
<div class="detail-head">
<div class="p-v-10">
<div class="info">
<h5 class="test-status text-fail">Complete Purchase</h5>
<span class='badge badge-success'>01.12.2026 2:15:40 AM</span>
<span class='badge badge-danger'>01.12.2026 2:15:51 AM</span>
<span class='badge badge-default'>00:00:11:221</span>
&middot; <span class='uri-anchor badge badge-default'>#test-id=111</span>
<span title='Skip to the next failed step' class='badge badge-danger pointer float-right ne ml-1'><i class="fa fa-fast-forward"></i></span>
<span title='Collapse all nodes' class='badge badge-default pointer float-right ct ml-1'><i class="fa fa-compress"></i></span>
<span title='Expand all nodes' class='badge badge-default pointer float-right et'><i class="fa fa-expand"></i></span>
</div>
<div class="m-t-10 m-l-5"></div>
</div>
</div>
<div class="accordion mt-4">
  <div class="card">
    <div class="card-header" role="tab">
      <div class="card-title">
        <div class="node" id="112"><span class="badge log fail-bg mr-2">Fail</span>Complete purchase successfully</div>
          <div class="status-avatar float-right mr-4">
            <i class="fa fa-paperclip"></i>
          </div>
      </div>
    </div>
        <div class="">
          <div class="card-body">
              <div class="step pass-bg" title="stepDefinitions.CommonSteps.user_opens_the_application()">
                <span>Given user opens the application</span>
      <div>
      </div>
              </div>
              <div class="step pass-bg" title="stepDefinitions.LoginSteps.user_logs_in()">
                <span>When user logs in</span>
      <div>
      </div>
              </div>
              <div class="step pass-bg" title="stepDefinitions.ShoppingSteps.user_navigates_to_a_product_category()">
                <span>When user navigates to a product category</span>
      <div>
      </div>
              </div>
              <div class="step pass-bg" title="stepDefinitions.ShoppingSteps.user_selects_a_product()">
                <span>And user selects a product</span>
      <div>
      </div>
              </div>
              <div class="step pass-bg" title="stepDefinitions.ShoppingSteps.user_adds_the_product_to_cart()">
                <span>And user adds the product to cart</span>
      <div>
      </div>
              </div>
              <div class="step pass-bg" title="stepDefinitions.ShoppingSteps.user_opens_shopping_cart()">
                <span>And user opens shopping cart</span>
      <div>
      </div>
              </div>
              <div class="step pass-bg" title="stepDefinitions.ShoppingSteps.user_proceeds_to_checkout()">
                <span>And user proceeds to checkout</span>
      <div>
      </div>
              </div>
              <div class="step fail-bg" title="stepDefinitions.ShoppingSteps.user_enters_billing_and_shipping_details()">
                <span>And user enters billing and shipping details</span>
      <div>
        <textarea disabled class="code-block">org.openqa.selenium.ElementClickInterceptedException: Element <button id="button-payment-methods" class="btn btn-primary" type="button"> is not clickable at point (1163,527) because another element <div id="modal-shipping" class="modal show"> obscures it
Build info: version: '4.23.1', revision: '656257d8e9'
System info: os.name: 'Windows 11', os.arch: 'amd64', os.version: '10.0', java.version: '21.0.6'
Driver info: org.openqa.selenium.firefox.FirefoxDriver
Command: [c71bb818-df18-4ad1-a9ef-5368073a258c, clickElement {id=8f50dc84-36ac-4718-8d03-cad7d546ceb6}]
Capabilities {acceptInsecureCerts: true, browserName: firefox, browserVersion: 146.0.1, moz:accessibilityChecks: false, moz:buildID: 20251217121356, moz:geckodriverVersion: 0.36.0, moz:headless: false, moz:platformVersion: 10.0, moz:processID: 28192, moz:profile: C:\Users\shada\AppData\Loca..., moz:shutdownTimeout: 60000, moz:webdriverClick: true, moz:windowless: false, pageLoadStrategy: normal, platformName: windows, proxy: Proxy(), setWindowRect: true, strictFileInteractability: false, timeouts: {implicit: 0, pageLoad: 300000, script: 30000}, unhandledPromptBehavior: dismiss and notify, userAgent: Mozilla/5.0 (Windows NT 10....}
Element: [[FirefoxDriver: firefox on windows (c71bb818-df18-4ad1-a9ef-5368073a258c)] -> id: button-payment-methods]
Session ID: c71bb818-df18-4ad1-a9ef-5368073a258c
	at java.base/jdk.internal.reflect.DirectConstructorHandleAccessor.newInstance(DirectConstructorHandleAccessor.java:62)
	at java.base/java.lang.reflect.Constructor.newInstanceWithCaller(Constructor.java:502)
	at java.base/java.lang.reflect.Constructor.newInstance(Constructor.java:486)
	at org.openqa.selenium.remote.ErrorCodec.decode(ErrorCodec.java:167)
	at org.openqa.selenium.remote.codec.w3c.W3CHttpResponseCodec.decode(W3CHttpResponseCodec.java:138)
	at org.openqa.selenium.remote.codec.w3c.W3CHttpResponseCodec.decode(W3CHttpResponseCodec.java:50)
	at org.openqa.selenium.remote.HttpCommandExecutor.execute(HttpCommandExecutor.java:190)
	at org.openqa.selenium.remote.service.DriverCommandExecutor.invokeExecute(DriverCommandExecutor.java:216)
	at org.openqa.selenium.remote.service.DriverCommandExecutor.execute(DriverCommandExecutor.java:174)
	at org.openqa.selenium.remote.RemoteWebDriver.execute(RemoteWebDriver.java:545)
	at org.openqa.selenium.remote.RemoteWebElement.execute(RemoteWebElement.java:223)
	at org.openqa.selenium.remote.RemoteWebElement.click(RemoteWebElement.java:76)
	at java.base/jdk.internal.reflect.DirectMethodHandleAccessor.invoke(DirectMethodHandleAccessor.java:103)
	at java.base/java.lang.reflect.Method.invoke(Method.java:580)
	at org.openqa.selenium.support.pagefactory.internal.LocatingElementHandler.invoke(LocatingElementHandler.java:51)
	at jdk.proxy2/jdk.proxy2.$Proxy42.click(Unknown Source)
	at pageObjects.CheckoutPage.completeCheckout(CheckoutPage.java:47)
	at stepDefinitions.ShoppingSteps.user_enters_billing_and_shipping_details(ShoppingSteps.java:76)
	at ✽.user enters billing and shipping details(file:///C:/Workspaces/Dec2025BatchTest/CloudBerry_BDD_Framework/CloudBerry_BDD_Framework/src/test/resources/features/TC04_CompletePurchase.feature:14)
</textarea>
      
      </div>
              </div>
              <div class="step skip-bg" title="stepDefinitions.ShoppingSteps.user_confirms_the_order()">
                <span>And user confirms the order</span>
      <div>Step skipped
      </div>
              </div>
              <div class="step skip-bg" title="stepDefinitions.ShoppingSteps.order_should_be_placed_successfully()">
                <span>Then order should be placed successfully</span>
      <div>Step skipped
      </div>
              </div>
              <div class="step skip-bg" title="stepDefinitions.ShoppingSteps.order_confirmation_message_should_be_displayed()">
                <span>And order confirmation message should be displayed</span>
      <div>Step skipped
      </div>
              </div>
              <div class="step pass-bg" title="AFTER">
                <span>hooks.Hooks.afterScenario(io.cucumber.java.Scenario)</span>
      <div>Failure Screenshot
          <div class="row mb-3"><div class="col-md-3">
<img data-featherlight='../screenshots/embedded1.png' src="../screenshots/embedded1.png">
    
    </div></div>
</div>
      <div>
      </div>
              </div>
          </div>
        </div>
  </div>
</div>
          </div>
        </li>
        <li class="test-item"  status="pass" test-id="126"
          author=""
          tag=""
          device="">
          <div class="test-detail">
            <p class="name">Affiliate Registration</p>
            <p class="text-sm">
              <span>2:15:46 AM</span> / <span>00:00:07:885</span>
              <span class="badge pass-bg log float-right">Pass</span>
            </p>
          </div>
          <div class="test-contents d-none">
<div class="detail-head">
<div class="p-v-10">
<div class="info">
<h5 class="test-status text-pass">Affiliate Registration</h5>
<span class='badge badge-success'>01.12.2026 2:15:46 AM</span>
<span class='badge badge-danger'>01.12.2026 2:15:54 AM</span>
<span class='badge badge-default'>00:00:07:885</span>
&middot; <span class='uri-anchor badge badge-default'>#test-id=126</span>
<span title='Skip to the next failed step' class='badge badge-danger pointer float-right ne ml-1'><i class="fa fa-fast-forward"></i></span>
<span title='Collapse all nodes' class='badge badge-default pointer float-right ct ml-1'><i class="fa fa-compress"></i></span>
<span title='Expand all nodes' class='badge badge-default pointer float-right et'><i class="fa fa-expand"></i></span>
</div>
<div class="m-t-10 m-l-5"></div>
</div>
</div>
<div class="accordion mt-4">
  <div class="card">
    <div class="card-header" role="tab">
      <div class="card-title">
        <div class="node" id="127"><span class="badge log pass-bg mr-2">Pass</span>Register as an affiliate</div>
      </div>
    </div>
        <div class="collapse">
          <div class="card-body">
              <div class="step pass-bg" title="stepDefinitions.CommonSteps.user_opens_the_application()">
                <span>Given user opens the application</span>
      <div>
      </div>
              </div>
              <div class="step pass-bg" title="stepDefinitions.LoginSteps.user_logs_in()">
                <span>When user logs in</span>
      <div>
      </div>
              </div>
              <div class="step pass-bg" title="stepDefinitions.AffiliateSteps.user_navigates_to_affiliate_page()">
                <span>When user navigates to affiliate page</span>
      <div>
      </div>
              </div>
              <div class="step pass-bg" title="stepDefinitions.AffiliateSteps.user_submits_affiliate_registration_details()">
                <span>And user submits affiliate registration details</span>
      <div>
      </div>
              </div>
              <div class="step pass-bg" title="stepDefinitions.AffiliateSteps.affiliate_registration_should_be_successful()">
                <span>Then affiliate registration should be successful</span>
      <div>
      </div>
              </div>
          </div>
        </div>
  </div>
</div>
          </div>
        </li>
        <li class="test-item"  status="pass" test-id="143"
          author=""
          tag=""
          device="">
          <div class="test-detail">
            <p class="name">Add Product to Wish List</p>
            <p class="text-sm">
              <span>2:15:50 AM</span> / <span>00:00:28:373</span>
              <span class="badge pass-bg log float-right">Pass</span>
            </p>
          </div>
          <div class="test-contents d-none">
<div class="detail-head">
<div class="p-v-10">
<div class="info">
<h5 class="test-status text-pass">Add Product to Wish List</h5>
<span class='badge badge-success'>01.12.2026 2:15:50 AM</span>
<span class='badge badge-danger'>01.12.2026 2:16:18 AM</span>
<span class='badge badge-default'>00:00:28:373</span>
&middot; <span class='uri-anchor badge badge-default'>#test-id=143</span>
<span title='Skip to the next failed step' class='badge badge-danger pointer float-right ne ml-1'><i class="fa fa-fast-forward"></i></span>
<span title='Collapse all nodes' class='badge badge-default pointer float-right ct ml-1'><i class="fa fa-compress"></i></span>
<span title='Expand all nodes' class='badge badge-default pointer float-right et'><i class="fa fa-expand"></i></span>
</div>
<div class="m-t-10 m-l-5"></div>
</div>
</div>
<div class="accordion mt-4">
  <div class="card">
    <div class="card-header" role="tab">
      <div class="card-title">
        <div class="node" id="144"><span class="badge log pass-bg mr-2">Pass</span>Add a product to wishlist</div>
      </div>
    </div>
        <div class="collapse">
          <div class="card-body">
              <div class="step pass-bg" title="stepDefinitions.CommonSteps.user_opens_the_application()">
                <span>Given user opens the application</span>
      <div>
      </div>
              </div>
              <div class="step pass-bg" title="stepDefinitions.LoginSteps.user_logs_in()">
                <span>When user logs in</span>
      <div>
      </div>
              </div>
              <div class="step pass-bg" title="stepDefinitions.ShoppingSteps.user_navigates_to_a_product_category()">
                <span>When user navigates to a product category</span>
      <div>
      </div>
              </div>
              <div class="step pass-bg" title="stepDefinitions.ShoppingSteps.user_selects_a_product()">
                <span>And user selects a product</span>
      <div>
      </div>
              </div>
              <div class="step pass-bg" title="stepDefinitions.ShoppingSteps.user_adds_the_product_to_wishlist()">
                <span>And user adds the product to wishlist</span>
      <div>
      </div>
              </div>
              <div class="step pass-bg" title="stepDefinitions.ShoppingSteps.success_message_should_be_displayed_for_wishlist()">
                <span>Then success message should be displayed for wishlist</span>
      <div>
      </div>
              </div>
              <div class="step pass-bg" title="stepDefinitions.ShoppingSteps.wishlist_should_contain_the_added_product()">
                <span>And wishlist should contain the added product</span>
      <div>
      </div>
              </div>
          </div>
        </div>
  </div>
</div>
          </div>
        </li>
        <li class="test-item"  status="fail" test-id="147"
          author=""
          tag=""
          device="">
          <div class="test-detail">
            <p class="name">Add Product to Wish List</p>
            <p class="text-sm">
              <span>2:15:51 AM</span> / <span>00:00:28:815</span>
              <span class="badge fail-bg log float-right">Fail</span>
            </p>
          </div>
          <div class="test-contents d-none">
<div class="detail-head">
<div class="p-v-10">
<div class="info">
<h5 class="test-status text-fail">Add Product to Wish List</h5>
<span class='badge badge-success'>01.12.2026 2:15:51 AM</span>
<span class='badge badge-danger'>01.12.2026 2:16:20 AM</span>
<span class='badge badge-default'>00:00:28:815</span>
&middot; <span class='uri-anchor badge badge-default'>#test-id=147</span>
<span title='Skip to the next failed step' class='badge badge-danger pointer float-right ne ml-1'><i class="fa fa-fast-forward"></i></span>
<span title='Collapse all nodes' class='badge badge-default pointer float-right ct ml-1'><i class="fa fa-compress"></i></span>
<span title='Expand all nodes' class='badge badge-default pointer float-right et'><i class="fa fa-expand"></i></span>
</div>
<div class="m-t-10 m-l-5"></div>
</div>
</div>
<div class="accordion mt-4">
  <div class="card">
    <div class="card-header" role="tab">
      <div class="card-title">
        <div class="node" id="148"><span class="badge log fail-bg mr-2">Fail</span>Add a product to wishlist</div>
          <div class="status-avatar float-right mr-4">
            <i class="fa fa-paperclip"></i>
          </div>
      </div>
    </div>
        <div class="">
          <div class="card-body">
              <div class="step pass-bg" title="stepDefinitions.CommonSteps.user_opens_the_application()">
                <span>Given user opens the application</span>
      <div>
      </div>
              </div>
              <div class="step pass-bg" title="stepDefinitions.LoginSteps.user_logs_in()">
                <span>When user logs in</span>
      <div>
      </div>
              </div>
              <div class="step pass-bg" title="stepDefinitions.ShoppingSteps.user_navigates_to_a_product_category()">
                <span>When user navigates to a product category</span>
      <div>
      </div>
              </div>
              <div class="step pass-bg" title="stepDefinitions.ShoppingSteps.user_selects_a_product()">
                <span>And user selects a product</span>
      <div>
      </div>
              </div>
              <div class="step pass-bg" title="stepDefinitions.ShoppingSteps.user_adds_the_product_to_wishlist()">
                <span>And user adds the product to wishlist</span>
      <div>
      </div>
              </div>
              <div class="step pass-bg" title="stepDefinitions.ShoppingSteps.success_message_should_be_displayed_for_wishlist()">
                <span>Then success message should be displayed for wishlist</span>
      <div>
      </div>
              </div>
              <div class="step fail-bg" title="stepDefinitions.ShoppingSteps.wishlist_should_contain_the_added_product()">
                <span>And wishlist should contain the added product</span>
      <div>
        <textarea disabled class="code-block">org.openqa.selenium.StaleElementReferenceException: The element with the reference ddfa3269-52d6-4303-8ade-5f4dde9e343a is stale; either its node document is not the active document, or it is no longer connected to the DOM
For documentation on this error, please visit: https://www.selenium.dev/documentation/webdriver/troubleshooting/errors#stale-element-reference-exception
Build info: version: '4.23.1', revision: '656257d8e9'
System info: os.name: 'Windows 11', os.arch: 'amd64', os.version: '10.0', java.version: '21.0.6'
Driver info: org.openqa.selenium.firefox.FirefoxDriver
Command: [0f6d9dc9-0ac3-4189-a827-950f2d449aea, getElementText {id=ddfa3269-52d6-4303-8ade-5f4dde9e343a}]
Capabilities {acceptInsecureCerts: true, browserName: firefox, browserVersion: 146.0.1, moz:accessibilityChecks: false, moz:buildID: 20251217121356, moz:geckodriverVersion: 0.36.0, moz:headless: false, moz:platformVersion: 10.0, moz:processID: 29152, moz:profile: C:\Users\shada\AppData\Loca..., moz:shutdownTimeout: 60000, moz:webdriverClick: true, moz:windowless: false, pageLoadStrategy: normal, platformName: windows, proxy: Proxy(), setWindowRect: true, strictFileInteractability: false, timeouts: {implicit: 0, pageLoad: 300000, script: 30000}, unhandledPromptBehavior: dismiss and notify, userAgent: Mozilla/5.0 (Windows NT 10....}
Element: [[FirefoxDriver: firefox on windows (0f6d9dc9-0ac3-4189-a827-950f2d449aea)] -> xpath: //div[@class='alert alert-success alert-dismissible']]
Session ID: 0f6d9dc9-0ac3-4189-a827-950f2d449aea
	at java.base/jdk.internal.reflect.DirectConstructorHandleAccessor.newInstance(DirectConstructorHandleAccessor.java:62)
	at java.base/java.lang.reflect.Constructor.newInstanceWithCaller(Constructor.java:502)
	at java.base/java.lang.reflect.Constructor.newInstance(Constructor.java:486)
	at org.openqa.selenium.remote.ErrorCodec.decode(ErrorCodec.java:167)
	at org.openqa.selenium.remote.codec.w3c.W3CHttpResponseCodec.decode(W3CHttpResponseCodec.java:138)
	at org.openqa.selenium.remote.codec.w3c.W3CHttpResponseCodec.decode(W3CHttpResponseCodec.java:50)
	at org.openqa.selenium.remote.HttpCommandExecutor.execute(HttpCommandExecutor.java:190)
	at org.openqa.selenium.remote.service.DriverCommandExecutor.invokeExecute(DriverCommandExecutor.java:216)
	at org.openqa.selenium.remote.service.DriverCommandExecutor.execute(DriverCommandExecutor.java:174)
	at org.openqa.selenium.remote.RemoteWebDriver.execute(RemoteWebDriver.java:545)
	at org.openqa.selenium.remote.RemoteWebElement.execute(RemoteWebElement.java:223)
	at org.openqa.selenium.remote.RemoteWebElement.getText(RemoteWebElement.java:191)
	at java.base/jdk.internal.reflect.DirectMethodHandleAccessor.invoke(DirectMethodHandleAccessor.java:103)
	at java.base/java.lang.reflect.Method.invoke(Method.java:580)
	at org.openqa.selenium.support.pagefactory.internal.LocatingElementHandler.invoke(LocatingElementHandler.java:51)
	at jdk.proxy2/jdk.proxy2.$Proxy42.getText(Unknown Source)
	at pageObjects.ProductPage.isSuccessMessageDisplayed(ProductPage.java:69)
	at stepDefinitions.ShoppingSteps.wishlist_should_contain_the_added_product(ShoppingSteps.java:116)
	at ✽.wishlist should contain the added product(file:///C:/Workspaces/Dec2025BatchTest/CloudBerry_BDD_Framework/CloudBerry_BDD_Framework/src/test/resources/features/TC05_AddToWishList.feature:13)
</textarea>
      
      </div>
              </div>
              <div class="step pass-bg" title="AFTER">
                <span>hooks.Hooks.afterScenario(io.cucumber.java.Scenario)</span>
      <div>Failure Screenshot
          <div class="row mb-3"><div class="col-md-3">
<img data-featherlight='../screenshots/embedded3.png' src="../screenshots/embedded3.png">
    
    </div></div>
</div>
      <div>
      </div>
              </div>
          </div>
        </div>
  </div>
</div>
          </div>
        </li>
        <li class="test-item"  status="pass" test-id="165"
          author=""
          tag=""
          device="">
          <div class="test-detail">
            <p class="name">Affiliate Registration</p>
            <p class="text-sm">
              <span>2:16:18 AM</span> / <span>00:00:07:552</span>
              <span class="badge pass-bg log float-right">Pass</span>
            </p>
          </div>
          <div class="test-contents d-none">
<div class="detail-head">
<div class="p-v-10">
<div class="info">
<h5 class="test-status text-pass">Affiliate Registration</h5>
<span class='badge badge-success'>01.12.2026 2:16:18 AM</span>
<span class='badge badge-danger'>01.12.2026 2:16:26 AM</span>
<span class='badge badge-default'>00:00:07:552</span>
&middot; <span class='uri-anchor badge badge-default'>#test-id=165</span>
<span title='Skip to the next failed step' class='badge badge-danger pointer float-right ne ml-1'><i class="fa fa-fast-forward"></i></span>
<span title='Collapse all nodes' class='badge badge-default pointer float-right ct ml-1'><i class="fa fa-compress"></i></span>
<span title='Expand all nodes' class='badge badge-default pointer float-right et'><i class="fa fa-expand"></i></span>
</div>
<div class="m-t-10 m-l-5"></div>
</div>
</div>
<div class="accordion mt-4">
  <div class="card">
    <div class="card-header" role="tab">
      <div class="card-title">
        <div class="node" id="166"><span class="badge log pass-bg mr-2">Pass</span>Register as an affiliate</div>
      </div>
    </div>
        <div class="collapse">
          <div class="card-body">
              <div class="step pass-bg" title="stepDefinitions.CommonSteps.user_opens_the_application()">
                <span>Given user opens the application</span>
      <div>
      </div>
              </div>
              <div class="step pass-bg" title="stepDefinitions.LoginSteps.user_logs_in()">
                <span>When user logs in</span>
      <div>
      </div>
              </div>
              <div class="step pass-bg" title="stepDefinitions.AffiliateSteps.user_navigates_to_affiliate_page()">
                <span>When user navigates to affiliate page</span>
      <div>
      </div>
              </div>
              <div class="step pass-bg" title="stepDefinitions.AffiliateSteps.user_submits_affiliate_registration_details()">
                <span>And user submits affiliate registration details</span>
      <div>
      </div>
              </div>
              <div class="step pass-bg" title="stepDefinitions.AffiliateSteps.affiliate_registration_should_be_successful()">
                <span>Then affiliate registration should be successful</span>
      <div>
      </div>
              </div>
          </div>
        </div>
  </div>
</div>
          </div>
        </li>
        <li class="test-item"  status="pass" test-id="172"
          author=""
          tag=""
          device="">
          <div class="test-detail">
            <p class="name">Affiliate Registration</p>
            <p class="text-sm">
              <span>2:16:20 AM</span> / <span>00:00:08:184</span>
              <span class="badge pass-bg log float-right">Pass</span>
            </p>
          </div>
          <div class="test-contents d-none">
<div class="detail-head">
<div class="p-v-10">
<div class="info">
<h5 class="test-status text-pass">Affiliate Registration</h5>
<span class='badge badge-success'>01.12.2026 2:16:20 AM</span>
<span class='badge badge-danger'>01.12.2026 2:16:28 AM</span>
<span class='badge badge-default'>00:00:08:184</span>
&middot; <span class='uri-anchor badge badge-default'>#test-id=172</span>
<span title='Skip to the next failed step' class='badge badge-danger pointer float-right ne ml-1'><i class="fa fa-fast-forward"></i></span>
<span title='Collapse all nodes' class='badge badge-default pointer float-right ct ml-1'><i class="fa fa-compress"></i></span>
<span title='Expand all nodes' class='badge badge-default pointer float-right et'><i class="fa fa-expand"></i></span>
</div>
<div class="m-t-10 m-l-5"></div>
</div>
</div>
<div class="accordion mt-4">
  <div class="card">
    <div class="card-header" role="tab">
      <div class="card-title">
        <div class="node" id="173"><span class="badge log pass-bg mr-2">Pass</span>Register as an affiliate</div>
      </div>
    </div>
        <div class="collapse">
          <div class="card-body">
              <div class="step pass-bg" title="stepDefinitions.CommonSteps.user_opens_the_application()">
                <span>Given user opens the application</span>
      <div>
      </div>
              </div>
              <div class="step pass-bg" title="stepDefinitions.LoginSteps.user_logs_in()">
                <span>When user logs in</span>
      <div>
      </div>
              </div>
              <div class="step pass-bg" title="stepDefinitions.AffiliateSteps.user_navigates_to_affiliate_page()">
                <span>When user navigates to affiliate page</span>
      <div>
      </div>
              </div>
              <div class="step pass-bg" title="stepDefinitions.AffiliateSteps.user_submits_affiliate_registration_details()">
                <span>And user submits affiliate registration details</span>
      <div>
      </div>
              </div>
              <div class="step pass-bg" title="stepDefinitions.AffiliateSteps.affiliate_registration_should_be_successful()">
                <span>Then affiliate registration should be successful</span>
      <div>
      </div>
              </div>
          </div>
        </div>
  </div>
</div>
          </div>
        </li>
      </ul>
    </div>
  </div>
<div class="test-content scrollable">
<div class="test-content-tools">
<ul><li><a class="back-to-test" href="#"><i class="fa fa-arrow-left"></i></a></li></ul>
</div>
<div class="test-content-detail"><div class="detail-body"></div></div>
</div></div>
<div class="test-wrapper row view exception-view attributes-view">
<div class="test-list">
<div class="test-list-tools">
<ul class="tools pull-left"><li><a href=""><span class="font-size-14">Exception</span></a></li></ul>
<ul class="tools text-right"><li><a href="#"><span class="badge badge-primary">3</span></a></li></ul>
</div>
<div class="test-list-wrapper scrollable">
<ul class="test-list-item">
<li class="test-item">
<div class="test-detail">
<span class="meta">
<span class='badge log badge-danger'>1</span>
</span>
<p class="name">org.openqa.selenium.NoSuchElementException</p>
<p class="duration text-sm">1 tests</p>
</div>
<div class="test-contents d-none">
<div class="info">
<h4>org.openqa.selenium.NoSuchElementException</h4>
<span status="fail" class='badge log badge-danger'>1 failed</span>
</div>
<table class='table table-sm mt-4'>
<thead>
<tr>
<th class="status-col">Status</th>
<th class="timestamp-col">Timestamp</th>
<th>TestName</th>
</tr>
</thead>
<tbody>
<tr class="tag-test-status" status="fail">
<td><span class="badge log fail-bg">Fail</span></td>
<td>02:15:38 AM</td>
<td>
<a href="#" class="linked" test-id='77' id='102'>And user enters billing and shipping details</a>
<div class="">
<span class="badge badge-default">Complete Purchase.Complete purchase successfully.And user enters billing and shipping details</span>
</div>
</td>
</tr>
</tbody>
</table>
</div>
</li>
<li class="test-item">
<div class="test-detail">
<span class="meta">
<span class='badge log badge-danger'>1</span>
</span>
<p class="name">org.openqa.selenium.ElementClickInterceptedException</p>
<p class="duration text-sm">1 tests</p>
</div>
<div class="test-contents d-none">
<div class="info">
<h4>org.openqa.selenium.ElementClickInterceptedException</h4>
<span status="fail" class='badge log badge-danger'>1 failed</span>
</div>
<table class='table table-sm mt-4'>
<thead>
<tr>
<th class="status-col">Status</th>
<th class="timestamp-col">Timestamp</th>
<th>TestName</th>
</tr>
</thead>
<tbody>
<tr class="tag-test-status" status="fail">
<td><span class="badge log fail-bg">Fail</span></td>
<td>02:15:49 AM</td>
<td>
<a href="#" class="linked" test-id='111' id='132'>And user enters billing and shipping details</a>
<div class="">
<span class="badge badge-default">Complete Purchase.Complete purchase successfully.And user enters billing and shipping details</span>
</div>
</td>
</tr>
</tbody>
</table>
</div>
</li>
<li class="test-item">
<div class="test-detail">
<span class="meta">
<span class='badge log badge-danger'>1</span>
</span>
<p class="name">org.openqa.selenium.StaleElementReferenceException</p>
<p class="duration text-sm">1 tests</p>
</div>
<div class="test-contents d-none">
<div class="info">
<h4>org.openqa.selenium.StaleElementReferenceException</h4>
<span status="fail" class='badge log badge-danger'>1 failed</span>
</div>
<table class='table table-sm mt-4'>
<thead>
<tr>
<th class="status-col">Status</th>
<th class="timestamp-col">Timestamp</th>
<th>TestName</th>
</tr>
</thead>
<tbody>
<tr class="tag-test-status" status="fail">
<td><span class="badge log fail-bg">Fail</span></td>
<td>02:16:19 AM</td>
<td>
<a href="#" class="linked" test-id='147' id='170'>And wishlist should contain the added product</a>
<div class="">
<span class="badge badge-default">Add Product to Wish List.Add a product to wishlist.And wishlist should contain the added product</span>
</div>
</td>
</tr>
</tbody>
</table>
</div>
</li>
</ul>
</div>
</div>
<div class="test-content scrollable">
<div class="test-content-detail">
<div class="detail-body"></div>
</div>
</div>
</div><div class="test-wrapper row view category-view attributes-view">
<div class="test-list">
<div class="test-list-tools">
<ul class="tools pull-left"><li><a href=""><span class="font-size-14">Category</span></a></li></ul>
<ul class="tools text-right"><li><a href="#"><span class="badge badge-primary">2</span></a></li></ul>
</div>
<div class="test-list-wrapper scrollable">
<ul class="test-list-item">
<li class="test-item">
<div class="test-detail">
<span class="meta">
<span class='badge log pass-bg'>15</span>
<span class='badge log badge-danger'>3</span>
</span>
<p class="name">@regression</p>
<p class="duration text-sm">18 tests</p>
</div>
<div class="test-contents d-none">
<div class="info">
<h4>@regression</h4>
<span status="pass" class='badge log pass-bg'>15 passed</span>
<span status="fail" class='badge log badge-danger'>3 failed</span>
</div>
<table class='table table-sm mt-4'>
<thead>
<tr>
<th class="status-col">Status</th>
<th class="timestamp-col">Timestamp</th>
<th>TestName</th>
</tr>
</thead>
<tbody>
<tr class="tag-test-status" status="pass">
<td><span class="badge log pass-bg">Pass</span></td>
<td>02:14:46 AM</td>
<td>
<a href="#" class="linked" test-id='2' id='4'>User launches application successfully</a>
<div class="">
<span class="badge badge-default">Launch Application.User launches application successfully</span>
</div>
</td>
</tr>
<tr class="tag-test-status" status="pass">
<td><span class="badge log pass-bg">Pass</span></td>
<td>02:14:46 AM</td>
<td>
<a href="#" class="linked" test-id='1' id='5'>User launches application successfully</a>
<div class="">
<span class="badge badge-default">Launch Application.User launches application successfully</span>
</div>
</td>
</tr>
<tr class="tag-test-status" status="pass">
<td><span class="badge log pass-bg">Pass</span></td>
<td>02:14:46 AM</td>
<td>
<a href="#" class="linked" test-id='3' id='6'>User launches application successfully</a>
<div class="">
<span class="badge badge-default">Launch Application.User launches application successfully</span>
</div>
</td>
</tr>
<tr class="tag-test-status" status="pass">
<td><span class="badge log pass-bg">Pass</span></td>
<td>02:14:50 AM</td>
<td>
<a href="#" class="linked" test-id='15' id='16'>Login with valid credentials</a>
<div class="">
<span class="badge badge-default">Login.Login with valid credentials</span>
</div>
</td>
</tr>
<tr class="tag-test-status" status="pass">
<td><span class="badge log pass-bg">Pass</span></td>
<td>02:14:50 AM</td>
<td>
<a href="#" class="linked" test-id='21' id='22'>Login with valid credentials</a>
<div class="">
<span class="badge badge-default">Login.Login with valid credentials</span>
</div>
</td>
</tr>
<tr class="tag-test-status" status="pass">
<td><span class="badge log pass-bg">Pass</span></td>
<td>02:14:55 AM</td>
<td>
<a href="#" class="linked" test-id='39' id='40'>Add a product to shopping cart</a>
<div class="">
<span class="badge badge-default">Add Product to Cart.Add a product to shopping cart</span>
</div>
</td>
</tr>
<tr class="tag-test-status" status="pass">
<td><span class="badge log pass-bg">Pass</span></td>
<td>02:14:55 AM</td>
<td>
<a href="#" class="linked" test-id='43' id='44'>Add a product to shopping cart</a>
<div class="">
<span class="badge badge-default">Add Product to Cart.Add a product to shopping cart</span>
</div>
</td>
</tr>
<tr class="tag-test-status" status="pass">
<td><span class="badge log pass-bg">Pass</span></td>
<td>02:14:57 AM</td>
<td>
<a href="#" class="linked" test-id='46' id='47'>Login with valid credentials</a>
<div class="">
<span class="badge badge-default">Login.Login with valid credentials</span>
</div>
</td>
</tr>
<tr class="tag-test-status" status="pass">
<td><span class="badge log pass-bg">Pass</span></td>
<td>02:15:06 AM</td>
<td>
<a href="#" class="linked" test-id='69' id='70'>Add a product to shopping cart</a>
<div class="">
<span class="badge badge-default">Add Product to Cart.Add a product to shopping cart</span>
</div>
</td>
</tr>
<tr class="tag-test-status" status="pass">
<td><span class="badge log pass-bg">Pass</span></td>
<td>02:15:07 AM</td>
<td>
<a href="#" class="linked" test-id='74' id='75'>Complete purchase successfully</a>
<div class="">
<span class="badge badge-default">Complete Purchase.Complete purchase successfully</span>
</div>
</td>
</tr>
<tr class="tag-test-status" status="fail">
<td><span class="badge log fail-bg">Fail</span></td>
<td>02:15:07 AM</td>
<td>
<a href="#" class="linked" test-id='77' id='78'>Complete purchase successfully</a>
<div class="">
<span class="badge badge-default">Complete Purchase.Complete purchase successfully</span>
</div>
</td>
</tr>
<tr class="tag-test-status" status="pass">
<td><span class="badge log pass-bg">Pass</span></td>
<td>02:15:39 AM</td>
<td>
<a href="#" class="linked" test-id='108' id='109'>Add a product to wishlist</a>
<div class="">
<span class="badge badge-default">Add Product to Wish List.Add a product to wishlist</span>
</div>
</td>
</tr>
<tr class="tag-test-status" status="fail">
<td><span class="badge log fail-bg">Fail</span></td>
<td>02:15:40 AM</td>
<td>
<a href="#" class="linked" test-id='111' id='112'>Complete purchase successfully</a>
<div class="">
<span class="badge badge-default">Complete Purchase.Complete purchase successfully</span>
</div>
</td>
</tr>
<tr class="tag-test-status" status="pass">
<td><span class="badge log pass-bg">Pass</span></td>
<td>02:15:46 AM</td>
<td>
<a href="#" class="linked" test-id='126' id='127'>Register as an affiliate</a>
<div class="">
<span class="badge badge-default">Affiliate Registration.Register as an affiliate</span>
</div>
</td>
</tr>
<tr class="tag-test-status" status="pass">
<td><span class="badge log pass-bg">Pass</span></td>
<td>02:15:50 AM</td>
<td>
<a href="#" class="linked" test-id='143' id='144'>Add a product to wishlist</a>
<div class="">
<span class="badge badge-default">Add Product to Wish List.Add a product to wishlist</span>
</div>
</td>
</tr>
<tr class="tag-test-status" status="fail">
<td><span class="badge log fail-bg">Fail</span></td>
<td>02:15:51 AM</td>
<td>
<a href="#" class="linked" test-id='147' id='148'>Add a product to wishlist</a>
<div class="">
<span class="badge badge-default">Add Product to Wish List.Add a product to wishlist</span>
</div>
</td>
</tr>
<tr class="tag-test-status" status="pass">
<td><span class="badge log pass-bg">Pass</span></td>
<td>02:16:18 AM</td>
<td>
<a href="#" class="linked" test-id='165' id='166'>Register as an affiliate</a>
<div class="">
<span class="badge badge-default">Affiliate Registration.Register as an affiliate</span>
</div>
</td>
</tr>
<tr class="tag-test-status" status="pass">
<td><span class="badge log pass-bg">Pass</span></td>
<td>02:16:20 AM</td>
<td>
<a href="#" class="linked" test-id='172' id='173'>Register as an affiliate</a>
<div class="">
<span class="badge badge-default">Affiliate Registration.Register as an affiliate</span>
</div>
</td>
</tr>
</tbody>
</table>
</div>
</li>
<li class="test-item">
<div class="test-detail">
<span class="meta">
<span class='badge log pass-bg'>6</span>
</span>
<p class="name">@sanity</p>
<p class="duration text-sm">6 tests</p>
</div>
<div class="test-contents d-none">
<div class="info">
<h4>@sanity</h4>
<span status="pass" class='badge log pass-bg'>6 passed</span>
</div>
<table class='table table-sm mt-4'>
<thead>
<tr>
<th class="status-col">Status</th>
<th class="timestamp-col">Timestamp</th>
<th>TestName</th>
</tr>
</thead>
<tbody>
<tr class="tag-test-status" status="pass">
<td><span class="badge log pass-bg">Pass</span></td>
<td>02:14:46 AM</td>
<td>
<a href="#" class="linked" test-id='3' id='6'>User launches application successfully</a>
<div class="">
<span class="badge badge-default">Launch Application.User launches application successfully</span>
</div>
</td>
</tr>
<tr class="tag-test-status" status="pass">
<td><span class="badge log pass-bg">Pass</span></td>
<td>02:14:46 AM</td>
<td>
<a href="#" class="linked" test-id='1' id='5'>User launches application successfully</a>
<div class="">
<span class="badge badge-default">Launch Application.User launches application successfully</span>
</div>
</td>
</tr>
<tr class="tag-test-status" status="pass">
<td><span class="badge log pass-bg">Pass</span></td>
<td>02:14:46 AM</td>
<td>
<a href="#" class="linked" test-id='2' id='4'>User launches application successfully</a>
<div class="">
<span class="badge badge-default">Launch Application.User launches application successfully</span>
</div>
</td>
</tr>
<tr class="tag-test-status" status="pass">
<td><span class="badge log pass-bg">Pass</span></td>
<td>02:14:50 AM</td>
<td>
<a href="#" class="linked" test-id='15' id='16'>Login with valid credentials</a>
<div class="">
<span class="badge badge-default">Login.Login with valid credentials</span>
</div>
</td>
</tr>
<tr class="tag-test-status" status="pass">
<td><span class="badge log pass-bg">Pass</span></td>
<td>02:14:50 AM</td>
<td>
<a href="#" class="linked" test-id='21' id='22'>Login with valid credentials</a>
<div class="">
<span class="badge badge-default">Login.Login with valid credentials</span>
</div>
</td>
</tr>
<tr class="tag-test-status" status="pass">
<td><span class="badge log pass-bg">Pass</span></td>
<td>02:14:57 AM</td>
<td>
<a href="#" class="linked" test-id='46' id='47'>Login with valid credentials</a>
<div class="">
<span class="badge badge-default">Login.Login with valid credentials</span>
</div>
</td>
</tr>
</tbody>
</table>
</div>
</li>
</ul>
</div>
</div>
<div class="test-content scrollable">
<div class="test-content-detail">
<div class="detail-body"></div>
</div>
</div>
</div><div class="container-fluid p-4 view dashboard-view">
<div class="row">
<div class="col-md-3">
<div class="card"><div class="card-body">
<p class="m-b-0">Started</p>
<h3>Jan 12, 2026 02:14:46 AM</h3>
</div></div>
</div>
<div class="col-md-3">
<div class="card"><div class="card-body">
<p class="m-b-0">Ended</p>
<h3>Jan 12, 2026 02:16:28 AM</h3>
</div></div>
</div>
<div class="col-md-3">
<div class="card"><div class="card-body">
<p class="m-b-0 text-pass">Features Passed</p>
<h3>15</h3>
</div></div>
</div>
<div class="col-md-3">
<div class="card"><div class="card-body">
<p class="m-b-0 text-fail">Features Failed</p>
<h3>3</h3>
</div></div>
</div>
</div>
<div class="row">
<div class="col-md-4">
<div class="card">
<div class="card-header">
<h6 class="card-title">Features</h6>
</div>
<div class="card-body">
<div class="">
<canvas id='parent-analysis' width='115' height='90'></canvas>
</div>
</div>
<div class="card-footer">
<div><small data-tooltip='83%'>
<b>15</b> features passed
</small>
</div>
<div>
<small data-tooltip='16%'><b>3</b> features failed,
<b>0</b> skipped, <b data-tooltip='0%'>0</b> others
</small>
</div>
</div>
</div>
</div>
<div class="col-md-4">
<div class="card">
<div class="card-header">
<h6 class="card-title">Scenarios</h6>
</div>
<div class="card-body">
<div class="">
<canvas id='child-analysis' width='115' height='90'></canvas>
</div>
</div>
<div class="card-footer">
<div><small data-tooltip='83%'><b>15</b> scenarios passed</small></div>
<div>
<small data-tooltip='16%'><b>3</b> scenarios failed,
<b>0</b> skipped, <b data-tooltip='%'>0</b> others
</small>
</div>
</div>
</div>
</div>
<div class="col-md-4">
<div class="card">
<div class="card-header">
<h6 class="card-title">Steps</h6>
</div>
<div class="card-body">
<div class="">
<canvas id='grandchild-analysis' width='115' height='90'></canvas>
</div>
</div>
<div class="card-footer">
<div><small data-tooltip='92%'><b>108</b> steps passed</small></div>
<div>
<small data-tooltip='2%'><b>3</b> steps failed,
<b>6</b> skipped, <b data-tooltip='%'>0</b> others
</small>
</div>
</div>
</div>
</div>
</div>
<div class="row"><div class="col-md-12">
<div class="card"><div class="card-header"><p>Timeline</p></div>
<div class="card-body pt-0"><div>
<canvas id="timeline" height="120"></canvas>
</div></div>
</div>
</div></div>
<script>
var timeline = {
"Launch Application":4.215,"Launch Application":3.76,"Launch Application":10.562,"Login":5.105,"Login":4.992,"Add Product to Cart":11.594,"Add Product to Cart":11.587,"Login":9.3,"Add Product to Cart":34.195,"Complete Purchase":32.326,"Complete Purchase":43.088,"Add Product to Wish List":7.405,"Complete Purchase":11.221,"Affiliate Registration":7.885,"Add Product to Wish List":28.373,"Add Product to Wish List":28.815,"Affiliate Registration":7.552,"Affiliate Registration":8.184
};
</script>
<div class="row">
<div class="col-lg-6 col-md-12 category-container">
<div class="card">
<div class="card-header"><p>Tags</p></div>
<div class="card-body pb-0 pt-0"><table class="table table-sm table-bordered">
<thead><tr class="bg-gray"><th>Name</th><th>Passed</th><th>Failed</th><th>Skipped</th><th>Others</th><th>Passed %</th></tr></thead><tbody>
<tr>
<td>@regression</td>
<td>15</td>
<td>3</td>
<td>0</td>
<td>0</td>
<td>83.333%</td>
</tr>
<tr>
<td>@sanity</td>
<td>6</td>
<td>0</td>
<td>0</td>
<td>0</td>
<td>100%</td>
</tr>
</tbody>
</table></div>
</div>
</div>
<div class="col-lg-6 col-md-12 sysenv-container">
<div class="card">
<div class="card-header"><p>System/Environment</p></div>
<div class="card-body pb-0 pt-0"><table class="table table-sm table-bordered">
<thead><tr class="bg-gray"><th>Name</th><th>Value</th></tr></thead>
<tbody>
<tr>
<td>framework</td>
<td>Cucumber + Selenium + TestNG</td>
</tr>
<tr>
<td>project</td>
<td>CloudBerry Hybrid to BDD</td>
</tr>
</tbody>
</table></div>
</div>
</div>
</div>
</div>
<script>
var statusGroup = {
parentCount: 5,
passParent: 15,
failParent: 3,
warningParent: 0,
skipParent: 0,
childCount: 5,
passChild: 15,
failChild: 3,
warningChild: 0,
skipChild: 0,
infoChild: 0,
grandChildCount: 5,
passGrandChild: 108,
failGrandChild: 3,
warningGrandChild: 0,
skipGrandChild: 6,
infoGrandChild: 0,
eventsCount: 5,
};
</script>        </div>
      </div>
    </div>
  </div>
<script src="https://cdn.jsdelivr.net/gh/extent-framework/extent-github-cdn@ce8b10435bcbae260c334c0d0c6b61d2c19b6168/spark/js/spark-script.js"></script>
<script type="text/javascript"></script></body>
</html>